2024-12-20T10:04:56.301+0100 INFO               [main]                         be.pxl.services.PostServiceApp - Starting PostServiceApp using Java 21.0.1 with PID 182912 (D:\PXL\FSJavaEX\project-SpaceRadish26\backend-java\NewsArticleSystem\post-service\target\classes started by Brecht in D:\PXL\FSJavaEX\project-SpaceRadish26\backend-java\NewsArticleSystem)
2024-12-20T10:04:56.302+0100 DEBUG              [main]                         be.pxl.services.PostServiceApp - Running with Spring Boot v3.3.5, Spring v6.1.14
2024-12-20T10:04:56.302+0100 INFO               [main]                         be.pxl.services.PostServiceApp - No active profile set, falling back to 1 default profile: "default"
2024-12-20T10:05:23.741+0100 INFO               [main]                         be.pxl.services.ReviewServiceApp - Starting ReviewServiceApp using Java 21.0.1 with PID 183208 (D:\PXL\FSJavaEX\project-SpaceRadish26\backend-java\NewsArticleSystem\review-service\target\classes started by Brecht in D:\PXL\FSJavaEX\project-SpaceRadish26\backend-java\NewsArticleSystem)
2024-12-20T10:05:23.742+0100 DEBUG              [main]                         be.pxl.services.ReviewServiceApp - Running with Spring Boot v3.3.5, Spring v6.1.14
2024-12-20T10:05:23.742+0100 INFO               [main]                         be.pxl.services.ReviewServiceApp - No active profile set, falling back to 1 default profile: "default"
2024-12-20T10:05:28.943+0100 INFO               [main]                         be.pxl.services.ReviewServiceApp - Started ReviewServiceApp in 6.638 seconds (process running for 6.986)
2024-12-20T10:05:36.105+0100 INFO               [main]                         be.pxl.services.PostServiceApp - Starting PostServiceApp using Java 21.0.1 with PID 183008 (D:\PXL\FSJavaEX\project-SpaceRadish26\backend-java\NewsArticleSystem\post-service\target\classes started by Brecht in D:\PXL\FSJavaEX\project-SpaceRadish26\backend-java\NewsArticleSystem)
2024-12-20T10:05:36.105+0100 DEBUG              [main]                         be.pxl.services.PostServiceApp - Running with Spring Boot v3.3.5, Spring v6.1.14
2024-12-20T10:05:36.106+0100 INFO               [main]                         be.pxl.services.PostServiceApp - No active profile set, falling back to 1 default profile: "default"
2024-12-20T10:05:41.349+0100 INFO               [main]                         be.pxl.services.PostServiceApp - Started PostServiceApp in 6.671 seconds (process running for 7.037)
2024-12-20T10:05:50.797+0100 INFO               [main]                         be.pxl.services.CommentServiceApp - Starting CommentServiceApp using Java 21.0.1 with PID 182656 (D:\PXL\FSJavaEX\project-SpaceRadish26\backend-java\NewsArticleSystem\comment-service\target\classes started by Brecht in D:\PXL\FSJavaEX\project-SpaceRadish26\backend-java\NewsArticleSystem)
2024-12-20T10:05:50.798+0100 DEBUG              [main]                         be.pxl.services.CommentServiceApp - Running with Spring Boot v3.3.5, Spring v6.1.14
2024-12-20T10:05:50.798+0100 INFO               [main]                         be.pxl.services.CommentServiceApp - No active profile set, falling back to 1 default profile: "default"
2024-12-20T10:05:55.864+0100 INFO               [main]                         be.pxl.services.CommentServiceApp - Started CommentServiceApp in 6.502 seconds (process running for 6.892)
2024-12-20T10:07:47.618+0100 INFO               [http-nio-8082-exec-5]         be.pxl.services.services.PostService - Fetching concept posts for Mikumo
2024-12-20T10:07:47.623+0100 INFO               [http-nio-8082-exec-7]         be.pxl.services.services.PostService - Approved and rejected posts fetched for Mikumo
2024-12-20T10:07:52.662+0100 INFO               [http-nio-8082-exec-10]        be.pxl.services.services.PostService - Fetching concept posts for Mikumo
2024-12-20T10:07:52.666+0100 INFO               [http-nio-8082-exec-2]         be.pxl.services.services.PostService - Approved and rejected posts fetched for Mikumo
2024-12-20T10:08:01.934+0100 INFO               [http-nio-8082-exec-6]         be.pxl.services.services.PostService - Fetching concept posts for Mikumo
2024-12-20T10:08:01.937+0100 INFO               [http-nio-8082-exec-5]         be.pxl.services.services.PostService - Approved and rejected posts fetched for Mikumo
2024-12-20T10:08:04.777+0100 INFO               [http-nio-8082-exec-8]         be.pxl.services.services.PostService - Fetching concept posts for Mikumo
2024-12-20T10:08:04.780+0100 INFO               [http-nio-8082-exec-2]         be.pxl.services.services.PostService - Approved and rejected posts fetched for Mikumo
2024-12-20T10:09:35.706+0100 INFO               [http-nio-8082-exec-8]         be.pxl.services.services.PostService - Fetching concept posts for Mikumo
2024-12-20T10:09:35.709+0100 INFO               [http-nio-8082-exec-9]         be.pxl.services.services.PostService - Approved and rejected posts fetched for Mikumo
2024-12-20T10:10:11.986+0100 INFO               [http-nio-8082-exec-8]         be.pxl.services.services.PostService - Fetching concept posts for Mikumo
2024-12-20T10:10:11.989+0100 INFO               [http-nio-8082-exec-9]         be.pxl.services.services.PostService - Approved and rejected posts fetched for Mikumo
2024-12-20T10:10:11.993+0100 INFO               [http-nio-8082-exec-7]         be.pxl.services.services.PostService - Post request: I'd love to pound Mikumo's hot asscheeks  Plap Plap Plap Plap Plap Plap Plap Plap Plap Plap Plap Plap Mikumo true
2024-12-20T10:10:12.008+0100 INFO               [http-nio-8082-exec-7]         be.pxl.services.services.PostService - Post saved: I'd love to pound Mikumo's hot asscheeks  Plap Plap Plap Plap Plap Plap Plap Plap Plap Plap Plap Plap Mikumo
2024-12-20T10:10:17.177+0100 INFO               [http-nio-8082-exec-3]         be.pxl.services.services.PostService - Fetching concept posts for Mikumo
2024-12-20T10:10:17.180+0100 INFO               [http-nio-8082-exec-5]         be.pxl.services.services.PostService - Approved and rejected posts fetched for Mikumo
2024-12-20T10:12:06.611+0100 INFO               [http-nio-8082-exec-2]         be.pxl.services.services.PostService - Fetching concept posts for Mikumo
2024-12-20T10:12:06.613+0100 INFO               [http-nio-8082-exec-9]         be.pxl.services.services.PostService - Approved and rejected posts fetched for Mikumo
2024-12-20T10:12:08.190+0100 INFO               [http-nio-8082-exec-7]         be.pxl.services.services.PostService - Fetching concept posts for Mikumo
2024-12-20T10:12:08.193+0100 INFO               [http-nio-8082-exec-10]        be.pxl.services.services.PostService - Approved and rejected posts fetched for Mikumo
2024-12-20T10:12:11.786+0100 INFO               [http-nio-8082-exec-4]         be.pxl.services.services.PostService - Fetching concept posts for Mikumo
2024-12-20T10:12:11.789+0100 INFO               [http-nio-8082-exec-8]         be.pxl.services.services.PostService - Approved and rejected posts fetched for Mikumo
2024-12-20T10:12:55.853+0100 INFO               [http-nio-8082-exec-3]         be.pxl.services.services.PostService - Post sent for approval: I'd love to pound Mikumo's hot asscheeks  Plap Plap Plap Plap Plap Plap Plap Plap Plap Plap Plap Plap Mikumo
2024-12-20T10:12:55.854+0100 INFO               [http-nio-8082-exec-3]         be.pxl.services.services.PostService - Post updated: I'd love to pound Mikumo's hot asscheeks  Plap Plap Plap Plap Plap Plap Plap Plap Plap Plap Plap Plap Mikumo
2024-12-20T10:13:05.057+0100 INFO               [http-nio-8082-exec-2]         be.pxl.services.services.PostService - Post sent for approval: I'd love to pound Mikumo's hot asscheeks  Plap Plap Plap Plap Plap Plap Plap Plap Plap Plap Plap Plap Mikumo
2024-12-20T10:13:05.057+0100 INFO               [http-nio-8082-exec-2]         be.pxl.services.services.PostService - Post updated: I'd love to pound Mikumo's hot asscheeks  Plap Plap Plap Plap Plap Plap Plap Plap Plap Plap Plap Plap Mikumo
2024-12-20T10:13:05.070+0100 INFO               [org.springframework.amqp.rabbit.RabbitListenerEndpointContainer#0-1] be.pxl.services.services.PostService - Post received from review service: I'd love to pound Mikumo's hot asscheeks  Plap Plap Plap Plap Plap Plap Plap Plap Plap Plap Plap Plap Mikumo
2024-12-20T10:16:44.883+0100 INFO               [http-nio-8082-exec-6]         be.pxl.services.services.PostService - Post sent for approval: I'd love to pound Mikumo's hot asscheeks  Plap Plap Plap Plap Plap Plap Plap Plap Plap Plap Plap Plap Mikumo
2024-12-20T10:16:44.883+0100 INFO               [http-nio-8082-exec-6]         be.pxl.services.services.PostService - Post updated: I'd love to pound Mikumo's hot asscheeks  Plap Plap Plap Plap Plap Plap Plap Plap Plap Plap Plap Plap Mikumo
2024-12-20T10:16:44.937+0100 INFO               [http-nio-8082-exec-2]         be.pxl.services.services.PostService - Fetching concept posts for Mikumo
2024-12-20T10:16:44.941+0100 INFO               [http-nio-8082-exec-1]         be.pxl.services.services.PostService - Approved and rejected posts fetched for Mikumo
2024-12-20T10:16:58.299+0100 INFO               [http-nio-8082-exec-4]         be.pxl.services.services.PostService - Post sent for approval: I'd love to pound Mikumo's hot asscheek  Plap Plap Plap Plap Plap Plap Plap Plap Plap Plap Plap Plap Mikumo
2024-12-20T10:16:58.299+0100 INFO               [http-nio-8082-exec-4]         be.pxl.services.services.PostService - Post updated: I'd love to pound Mikumo's hot asscheek  Plap Plap Plap Plap Plap Plap Plap Plap Plap Plap Plap Plap Mikumo
2024-12-20T10:16:58.307+0100 INFO               [org.springframework.amqp.rabbit.RabbitListenerEndpointContainer#0-1] be.pxl.services.services.PostService - Post received from review service: I'd love to pound Mikumo's hot asscheek  Plap Plap Plap Plap Plap Plap Plap Plap Plap Plap Plap Plap Mikumo
2024-12-20T10:16:58.353+0100 INFO               [http-nio-8082-exec-8]         be.pxl.services.services.PostService - Fetching concept posts for Mikumo
2024-12-20T10:16:58.355+0100 INFO               [http-nio-8082-exec-6]         be.pxl.services.services.PostService - Approved and rejected posts fetched for Mikumo
2024-12-20T10:17:03.025+0100 INFO               [http-nio-8082-exec-1]         be.pxl.services.services.PostService - Post sent for approval: I'd love to pound Mikumo's hot asscheeks  Plap Plap Plap Plap Plap Plap Plap Plap Plap Plap Plap Plap Mikumo
2024-12-20T10:17:03.025+0100 INFO               [http-nio-8082-exec-1]         be.pxl.services.services.PostService - Post updated: I'd love to pound Mikumo's hot asscheeks  Plap Plap Plap Plap Plap Plap Plap Plap Plap Plap Plap Plap Mikumo
2024-12-20T10:17:03.050+0100 INFO               [http-nio-8082-exec-7]         be.pxl.services.services.PostService - Fetching concept posts for Mikumo
2024-12-20T10:17:03.053+0100 INFO               [http-nio-8082-exec-5]         be.pxl.services.services.PostService - Approved and rejected posts fetched for Mikumo
2024-12-20T10:17:14.578+0100 INFO               [http-nio-8082-exec-3]         be.pxl.services.services.PostService - Fetching concept posts for Hagrid
2024-12-20T10:17:14.581+0100 INFO               [http-nio-8082-exec-8]         be.pxl.services.services.PostService - Approved and rejected posts fetched for Hagrid
2024-12-20T10:17:30.490+0100 INFO               [org.springframework.amqp.rabbit.RabbitListenerEndpointContainer#0-1] be.pxl.services.services.PostService - Post received from review service: I'd love to pound Mikumo's hot asscheeks  Plap Plap Plap Plap Plap Plap Plap Plap Plap Plap Plap Plap Mikumo
2024-12-20T10:17:35.218+0100 INFO               [http-nio-8082-exec-4]         be.pxl.services.services.PostService - Fetching concept posts for Mikumo
2024-12-20T10:17:35.222+0100 INFO               [http-nio-8082-exec-6]         be.pxl.services.services.PostService - Approved and rejected posts fetched for Mikumo
2024-12-20T10:17:43.977+0100 INFO               [http-nio-8082-exec-2]         be.pxl.services.services.PostService - Post sent for approval: I'd love to pound Mikumo's hot asscheeks  Plap Plap Plap Plap Plap Plap Plap Plap Plap Plap Plap Plap Plap Mikumo
2024-12-20T10:17:43.977+0100 INFO               [http-nio-8082-exec-2]         be.pxl.services.services.PostService - Post updated: I'd love to pound Mikumo's hot asscheeks  Plap Plap Plap Plap Plap Plap Plap Plap Plap Plap Plap Plap Plap Mikumo
2024-12-20T10:17:44.032+0100 INFO               [http-nio-8082-exec-1]         be.pxl.services.services.PostService - Fetching concept posts for Mikumo
2024-12-20T10:17:44.035+0100 INFO               [http-nio-8082-exec-7]         be.pxl.services.services.PostService - Approved and rejected posts fetched for Mikumo
2024-12-20T10:17:51.635+0100 INFO               [http-nio-8082-exec-3]         be.pxl.services.services.PostService - Fetching concept posts for Mikumo
2024-12-20T10:17:51.638+0100 INFO               [http-nio-8082-exec-2]         be.pxl.services.services.PostService - Approved and rejected posts fetched for Mikumo
2024-12-20T10:18:08.702+0100 INFO               [http-nio-8082-exec-6]         be.pxl.services.services.PostService - Post sent for approval: I'd love to pound Mikumo's hot asscheeks  Plap Plap Plap Plap Plap Plap Plap Plap Plap Plap Plap Plap Plap Mikumo
2024-12-20T10:18:08.702+0100 INFO               [http-nio-8082-exec-6]         be.pxl.services.services.PostService - Post updated: I'd love to pound Mikumo's hot asscheeks  Plap Plap Plap Plap Plap Plap Plap Plap Plap Plap Plap Plap Plap Mikumo
2024-12-20T10:18:08.717+0100 INFO               [org.springframework.amqp.rabbit.RabbitListenerEndpointContainer#0-1] be.pxl.services.services.PostService - Post received from review service: I'd love to pound Mikumo's hot asscheeks  Plap Plap Plap Plap Plap Plap Plap Plap Plap Plap Plap Plap Plap Mikumo
2024-12-20T10:18:08.745+0100 INFO               [http-nio-8082-exec-8]         be.pxl.services.services.PostService - Fetching concept posts for Mikumo
2024-12-20T10:18:08.747+0100 INFO               [http-nio-8082-exec-3]         be.pxl.services.services.PostService - Approved and rejected posts fetched for Mikumo
2024-12-20T10:18:20.640+0100 INFO               [http-nio-8082-exec-7]         be.pxl.services.services.PostService - Fetching concept posts for Hagrid
2024-12-20T10:18:20.643+0100 INFO               [http-nio-8082-exec-10]        be.pxl.services.services.PostService - Approved and rejected posts fetched for Hagrid
2024-12-20T10:18:27.005+0100 INFO               [http-nio-8082-exec-3]         be.pxl.services.services.PostService - Fetching concept posts for Hagrid
2024-12-20T10:18:27.007+0100 INFO               [http-nio-8082-exec-9]         be.pxl.services.services.PostService - Approved and rejected posts fetched for Hagrid
2024-12-20T10:18:31.761+0100 INFO               [http-nio-8082-exec-7]         be.pxl.services.services.PostService - Fetching concept posts for Mikumo
2024-12-20T10:18:31.764+0100 INFO               [http-nio-8082-exec-10]        be.pxl.services.services.PostService - Approved and rejected posts fetched for Mikumo
2024-12-20T10:18:36.879+0100 INFO               [http-nio-8082-exec-4]         be.pxl.services.services.PostService - Fetching concept posts for Mikumo
2024-12-20T10:18:36.882+0100 INFO               [http-nio-8082-exec-6]         be.pxl.services.services.PostService - Approved and rejected posts fetched for Mikumo
2024-12-20T10:18:45.800+0100 INFO               [http-nio-8082-exec-1]         be.pxl.services.services.PostService - Fetching concept posts for Mikumo
2024-12-20T10:18:45.803+0100 INFO               [http-nio-8082-exec-4]         be.pxl.services.services.PostService - Approved and rejected posts fetched for Mikumo
2024-12-20T10:19:17.748+0100 INFO               [http-nio-8082-exec-5]         be.pxl.services.services.PostService - Fetching concept posts for Hagrid
2024-12-20T10:19:17.751+0100 INFO               [http-nio-8082-exec-6]         be.pxl.services.services.PostService - Approved and rejected posts fetched for Hagrid
2024-12-20T10:20:47.248+0100 INFO               [http-nio-8082-exec-9]         be.pxl.services.services.PostService - Fetching concept posts for Hagrid
2024-12-20T10:20:47.252+0100 INFO               [http-nio-8082-exec-8]         be.pxl.services.services.PostService - Approved and rejected posts fetched for Hagrid
2024-12-20T10:23:25.318+0100 INFO               [main]                         be.pxl.services.PostServiceApp - Starting PostServiceApp using Java 21.0.1 with PID 185740 (D:\PXL\FSJavaEX\project-SpaceRadish26\backend-java\NewsArticleSystem\post-service\target\classes started by Brecht in D:\PXL\FSJavaEX\project-SpaceRadish26\backend-java\NewsArticleSystem)
2024-12-20T10:23:25.318+0100 DEBUG              [main]                         be.pxl.services.PostServiceApp - Running with Spring Boot v3.3.5, Spring v6.1.14
2024-12-20T10:23:25.319+0100 INFO               [main]                         be.pxl.services.PostServiceApp - No active profile set, falling back to 1 default profile: "default"
2024-12-20T10:23:30.529+0100 INFO               [main]                         be.pxl.services.PostServiceApp - Started PostServiceApp in 6.654 seconds (process running for 7.008)
2024-12-20T10:23:57.597+0100 INFO               [http-nio-8082-exec-4]         be.pxl.services.services.PostService - Fetching concept posts for Mikumo
2024-12-20T10:23:57.617+0100 INFO               [http-nio-8082-exec-7]         be.pxl.services.services.PostService - Approved and rejected posts fetched for Mikumo
2024-12-20T10:24:09.927+0100 INFO               [http-nio-8082-exec-3]         be.pxl.services.services.PostService - Fetching concept posts for Mikumo
2024-12-20T10:24:09.928+0100 INFO               [http-nio-8082-exec-1]         be.pxl.services.services.PostService - Post request: srgsagsadgasdg asdgdasgdadsgasdgd Mikumo true
2024-12-20T10:24:09.938+0100 INFO               [http-nio-8082-exec-5]         be.pxl.services.services.PostService - Approved and rejected posts fetched for Mikumo
2024-12-20T10:24:09.947+0100 INFO               [http-nio-8082-exec-1]         be.pxl.services.services.PostService - Post saved: srgsagsadgasdg asdgdasgdadsgasdgd Mikumo
2024-12-20T10:24:24.537+0100 INFO               [http-nio-8082-exec-9]         be.pxl.services.services.PostService - Fetching concept posts for Mikumo
2024-12-20T10:24:24.540+0100 INFO               [http-nio-8082-exec-3]         be.pxl.services.services.PostService - Approved and rejected posts fetched for Mikumo
2024-12-20T10:24:29.224+0100 INFO               [http-nio-8082-exec-1]         be.pxl.services.services.PostService - Post sent for approval: srgsagsadgasdg asdgdasgdadsgasdgd Mikumo
2024-12-20T10:24:29.224+0100 INFO               [http-nio-8082-exec-1]         be.pxl.services.services.PostService - Post updated: srgsagsadgasdg asdgdasgdadsgasdgd Mikumo
2024-12-20T10:24:29.250+0100 INFO               [http-nio-8082-exec-7]         be.pxl.services.services.PostService - Fetching concept posts for Mikumo
2024-12-20T10:24:29.254+0100 INFO               [http-nio-8082-exec-6]         be.pxl.services.services.PostService - Approved and rejected posts fetched for Mikumo
2024-12-20T10:29:32.950+0100 INFO               [http-nio-8082-exec-9]         be.pxl.services.services.PostService - Fetching concept posts for Mikumo
2024-12-20T10:29:32.953+0100 INFO               [http-nio-8082-exec-3]         be.pxl.services.services.PostService - Approved and rejected posts fetched for Mikumo
2024-12-20T10:29:46.848+0100 INFO               [http-nio-8082-exec-1]         be.pxl.services.services.PostService - Fetching concept posts for Hagrid
2024-12-20T10:29:46.851+0100 INFO               [http-nio-8082-exec-4]         be.pxl.services.services.PostService - Approved and rejected posts fetched for Hagrid
2024-12-20T10:30:04.936+0100 INFO               [org.springframework.amqp.rabbit.RabbitListenerEndpointContainer#0-1] be.pxl.services.services.PostService - Post received from review service: srgsagsadgasdg asdgdasgdadsgasdgd Mikumo
2024-12-20T10:30:16.948+0100 INFO               [http-nio-8082-exec-4]         be.pxl.services.services.PostService - Fetching concept posts for Mikumo
2024-12-20T10:30:16.951+0100 INFO               [http-nio-8082-exec-7]         be.pxl.services.services.PostService - Approved and rejected posts fetched for Mikumo
2024-12-20T10:36:48.998+0100 INFO               [http-nio-8082-exec-7]         be.pxl.services.services.PostService - Fetching concept posts for Hagrid
2024-12-20T10:36:49.001+0100 INFO               [http-nio-8082-exec-3]         be.pxl.services.services.PostService - Approved and rejected posts fetched for Hagrid
2024-12-20T10:36:56.905+0100 INFO               [http-nio-8082-exec-10]        be.pxl.services.services.PostService - Fetching concept posts for Mikumo
2024-12-20T10:36:56.908+0100 INFO               [http-nio-8082-exec-1]         be.pxl.services.services.PostService - Approved and rejected posts fetched for Mikumo
2024-12-20T10:37:17.544+0100 INFO               [http-nio-8082-exec-7]         be.pxl.services.services.PostService - Post request: Wow chocola drenched in cum is hot asgaseihgphsaegipuhpasehgoiueahsg Mikumo false
2024-12-20T10:37:17.547+0100 INFO               [http-nio-8082-exec-7]         be.pxl.services.services.PostService - Post sent for approval: Wow chocola drenched in cum is hot asgaseihgphsaegipuhpasehgoiueahsg Mikumo
2024-12-20T10:37:17.547+0100 INFO               [http-nio-8082-exec-7]         be.pxl.services.services.PostService - Post saved: Wow chocola drenched in cum is hot asgaseihgphsaegipuhpasehgoiueahsg Mikumo
2024-12-20T10:37:17.553+0100 INFO               [http-nio-8082-exec-8]         be.pxl.services.services.PostService - Fetching concept posts for Mikumo
2024-12-20T10:37:17.556+0100 INFO               [http-nio-8082-exec-10]        be.pxl.services.services.PostService - Approved and rejected posts fetched for Mikumo
2024-12-20T10:37:31.032+0100 INFO               [http-nio-8082-exec-5]         be.pxl.services.services.PostService - Fetching concept posts for Hagrid
2024-12-20T10:37:31.034+0100 INFO               [http-nio-8082-exec-3]         be.pxl.services.services.PostService - Approved and rejected posts fetched for Hagrid
2024-12-20T10:37:45.105+0100 INFO               [org.springframework.amqp.rabbit.RabbitListenerEndpointContainer#0-1] be.pxl.services.services.PostService - Post received from review service: Wow chocola drenched in cum is hot asgaseihgphsaegipuhpasehgoiueahsg Mikumo
2024-12-20T10:38:11.981+0100 INFO               [http-nio-8082-exec-7]         be.pxl.services.services.PostService - Fetching concept posts for Mikumo
2024-12-20T10:38:11.984+0100 INFO               [http-nio-8082-exec-6]         be.pxl.services.services.PostService - Approved and rejected posts fetched for Mikumo
2024-12-20T10:38:26.176+0100 INFO               [http-nio-8082-exec-1]         be.pxl.services.services.PostService - Post sent for approval: Wow chocola drenched in cum is hot I wanna fucking pound her so bad Mikumo
2024-12-20T10:38:26.176+0100 INFO               [http-nio-8082-exec-1]         be.pxl.services.services.PostService - Post updated: Wow chocola drenched in cum is hot I wanna fucking pound her so bad Mikumo
2024-12-20T10:38:26.240+0100 INFO               [http-nio-8082-exec-7]         be.pxl.services.services.PostService - Fetching concept posts for Mikumo
2024-12-20T10:38:26.242+0100 INFO               [http-nio-8082-exec-3]         be.pxl.services.services.PostService - Approved and rejected posts fetched for Mikumo
2024-12-20T10:38:43.425+0100 INFO               [http-nio-8082-exec-2]         be.pxl.services.services.PostService - Fetching concept posts for Hagrid
2024-12-20T10:38:43.428+0100 INFO               [http-nio-8082-exec-7]         be.pxl.services.services.PostService - Approved and rejected posts fetched for Hagrid
2024-12-20T10:38:49.411+0100 INFO               [org.springframework.amqp.rabbit.RabbitListenerEndpointContainer#0-1] be.pxl.services.services.PostService - Post received from review service: Wow chocola drenched in cum is hot I wanna fucking pound her so bad Mikumo
