2024-12-31T11:04:56.928+0100 INFO               [main]                         be.pxl.services.PostTests     - Starting PostTests using Java 21.0.1 with PID 478504 (started by Brecht in D:\PXL\FSJavaEX\project-SpaceRadish26\backend-java\NewsArticleSystem\post-service)
2024-12-31T11:04:56.929+0100 INFO               [main]                         be.pxl.services.PostTests     - No active profile set, falling back to 1 default profile: "default"
2024-12-31T11:05:02.178+0100 INFO               [main]                         be.pxl.services.PostTests     - Started PostTests in 6.818 seconds (process running for 41.364)
2024-12-31T11:07:47.169+0100 INFO               [main]                         be.pxl.services.PostTests     - Starting PostTests using Java 21.0.1 with PID 118640 (started by Brecht in D:\PXL\FSJavaEX\project-SpaceRadish26\backend-java\NewsArticleSystem\post-service)
2024-12-31T11:07:47.170+0100 INFO               [main]                         be.pxl.services.PostTests     - No active profile set, falling back to 1 default profile: "default"
2024-12-31T11:07:51.981+0100 INFO               [main]                         be.pxl.services.PostTests     - Started PostTests in 6.191 seconds (process running for 17.449)
2024-12-31T11:10:12.521+0100 INFO               [main]                         be.pxl.services.PostTests     - Starting PostTests using Java 21.0.1 with PID 450192 (started by Brecht in D:\PXL\FSJavaEX\project-SpaceRadish26\backend-java\NewsArticleSystem\post-service)
2024-12-31T11:10:12.523+0100 INFO               [main]                         be.pxl.services.PostTests     - No active profile set, falling back to 1 default profile: "default"
2024-12-31T11:10:17.255+0100 INFO               [main]                         be.pxl.services.PostTests     - Started PostTests in 6.204 seconds (process running for 17.338)
2024-12-31T11:11:49.307+0100 INFO               [main]                         be.pxl.services.PostTests     - Starting PostTests using Java 21.0.1 with PID 588688 (started by Brecht in D:\PXL\FSJavaEX\project-SpaceRadish26\backend-java\NewsArticleSystem\post-service)
2024-12-31T11:11:49.308+0100 INFO               [main]                         be.pxl.services.PostTests     - No active profile set, falling back to 1 default profile: "default"
2024-12-31T11:11:53.916+0100 INFO               [main]                         be.pxl.services.PostTests     - Started PostTests in 6.022 seconds (process running for 18.042)
2024-12-31T11:11:54.289+0100 INFO               [main]                         be.pxl.services.services.PostService - Post request: Title Content Author true
2024-12-31T11:11:54.305+0100 INFO               [main]                         be.pxl.services.services.PostService - Post saved: Title Content Author
2024-12-31T11:18:56.453+0100 INFO               [main]                         be.pxl.services.PostTests     - Starting PostTests using Java 21.0.1 with PID 166724 (started by Brecht in D:\PXL\FSJavaEX\project-SpaceRadish26\backend-java\NewsArticleSystem\post-service)
2024-12-31T11:18:56.454+0100 INFO               [main]                         be.pxl.services.PostTests     - No active profile set, falling back to 1 default profile: "default"
2024-12-31T11:19:01.247+0100 INFO               [main]                         be.pxl.services.PostTests     - Started PostTests in 6.208 seconds (process running for 17.25)
2024-12-31T11:19:22.888+0100 INFO               [main]                         be.pxl.services.PostTests     - Starting PostTests using Java 21.0.1 with PID 44864 (started by Brecht in D:\PXL\FSJavaEX\project-SpaceRadish26\backend-java\NewsArticleSystem\post-service)
2024-12-31T11:19:22.888+0100 INFO               [main]                         be.pxl.services.PostTests     - No active profile set, falling back to 1 default profile: "default"
2024-12-31T11:19:27.554+0100 INFO               [main]                         be.pxl.services.PostTests     - Started PostTests in 6.07 seconds (process running for 17.034)
2024-12-31T11:19:27.956+0100 INFO               [main]                         be.pxl.services.services.PostService - Post request: Title Content Author true
2024-12-31T11:19:27.971+0100 INFO               [main]                         be.pxl.services.services.PostService - Post saved: Title Content Author
2024-12-31T11:21:11.016+0100 INFO               [main]                         be.pxl.services.PostTests     - Starting PostTests using Java 21.0.1 with PID 174764 (started by Brecht in D:\PXL\FSJavaEX\project-SpaceRadish26\backend-java\NewsArticleSystem\post-service)
2024-12-31T11:21:11.017+0100 INFO               [main]                         be.pxl.services.PostTests     - No active profile set, falling back to 1 default profile: "default"
2024-12-31T11:21:15.579+0100 INFO               [main]                         be.pxl.services.PostTests     - Started PostTests in 5.984 seconds (process running for 17.146)
2024-12-31T11:23:53.842+0100 INFO               [main]                         be.pxl.services.PostTests     - Starting PostTests using Java 21.0.1 with PID 194020 (started by Brecht in D:\PXL\FSJavaEX\project-SpaceRadish26\backend-java\NewsArticleSystem\post-service)
2024-12-31T11:23:53.843+0100 INFO               [main]                         be.pxl.services.PostTests     - No active profile set, falling back to 1 default profile: "default"
2024-12-31T11:23:58.591+0100 INFO               [main]                         be.pxl.services.PostTests     - Started PostTests in 6.21 seconds (process running for 34.612)
2024-12-31T11:23:58.986+0100 INFO               [main]                         be.pxl.services.services.PostService - Post request: Title Content Author true
2024-12-31T11:23:59.002+0100 INFO               [main]                         be.pxl.services.services.PostService - Post saved: Title Content Author
2024-12-31T11:27:07.913+0100 INFO               [main]                         be.pxl.services.PostTests     - Starting PostTests using Java 21.0.1 with PID 467220 (started by Brecht in D:\PXL\FSJavaEX\project-SpaceRadish26\backend-java\NewsArticleSystem\post-service)
2024-12-31T11:27:07.913+0100 INFO               [main]                         be.pxl.services.PostTests     - No active profile set, falling back to 1 default profile: "default"
2024-12-31T11:27:12.590+0100 INFO               [main]                         be.pxl.services.PostTests     - Started PostTests in 6.111 seconds (process running for 15.305)
2024-12-31T11:27:12.975+0100 INFO               [main]                         be.pxl.services.services.PostService - Post request: Title Content Author true
2024-12-31T11:27:12.989+0100 INFO               [main]                         be.pxl.services.services.PostService - Post saved: Title Content Author
2024-12-31T11:28:03.139+0100 INFO               [main]                         be.pxl.services.PostTests     - Starting PostTests using Java 21.0.1 with PID 261904 (started by Brecht in D:\PXL\FSJavaEX\project-SpaceRadish26\backend-java\NewsArticleSystem\post-service)
2024-12-31T11:28:03.140+0100 INFO               [main]                         be.pxl.services.PostTests     - No active profile set, falling back to 1 default profile: "default"
2024-12-31T11:28:07.845+0100 INFO               [main]                         be.pxl.services.PostTests     - Started PostTests in 6.12 seconds (process running for 15.458)
2024-12-31T11:29:54.994+0100 INFO               [main]                         be.pxl.services.PostTests     - Starting PostTests using Java 21.0.1 with PID 219400 (started by Brecht in D:\PXL\FSJavaEX\project-SpaceRadish26\backend-java\NewsArticleSystem\post-service)
2024-12-31T11:29:54.995+0100 INFO               [main]                         be.pxl.services.PostTests     - No active profile set, falling back to 1 default profile: "default"
2024-12-31T11:29:59.716+0100 INFO               [main]                         be.pxl.services.PostTests     - Started PostTests in 6.136 seconds (process running for 15.386)
2024-12-31T11:30:00.090+0100 INFO               [main]                         be.pxl.services.services.PostService - Post request: Title Content Author true
2024-12-31T11:30:00.104+0100 INFO               [main]                         be.pxl.services.services.PostService - Post saved: Title Content Author
2024-12-31T11:30:00.161+0100 INFO               [main]                         be.pxl.services.services.PostService - Approved and rejected posts fetched for Author
2024-12-31T11:30:00.242+0100 INFO               [main]                         be.pxl.services.services.PostService - Fetching concept posts for Author
2024-12-31T11:30:50.505+0100 INFO               [main]                         be.pxl.services.PostTests     - Starting PostTests using Java 21.0.1 with PID 428492 (started by Brecht in D:\PXL\FSJavaEX\project-SpaceRadish26\backend-java\NewsArticleSystem\post-service)
2024-12-31T11:30:50.506+0100 INFO               [main]                         be.pxl.services.PostTests     - No active profile set, falling back to 1 default profile: "default"
2024-12-31T11:30:55.204+0100 INFO               [main]                         be.pxl.services.PostTests     - Started PostTests in 6.102 seconds (process running for 15.468)
2024-12-31T11:30:55.546+0100 INFO               [main]                         be.pxl.services.services.PostService - Post request: Title Content Author true
2024-12-31T11:30:55.562+0100 INFO               [main]                         be.pxl.services.services.PostService - Post saved: Title Content Author
2024-12-31T11:30:55.619+0100 INFO               [main]                         be.pxl.services.services.PostService - Approved and rejected posts fetched for Author
2024-12-31T11:30:55.642+0100 INFO               [main]                         be.pxl.services.services.PostService - Post updated: Updated Title Updated Content Author
2024-12-31T11:30:55.708+0100 INFO               [main]                         be.pxl.services.services.PostService - Fetching concept posts for Author
2024-12-31T12:00:30.557+0100 INFO               [main]                         be.pxl.services.PostTests     - Starting PostTests using Java 21.0.1 with PID 188536 (started by Brecht in D:\PXL\FSJavaEX\project-SpaceRadish26\backend-java\NewsArticleSystem\post-service)
2024-12-31T12:00:30.558+0100 INFO               [main]                         be.pxl.services.PostTests     - No active profile set, falling back to 1 default profile: "default"
2024-12-31T12:00:35.331+0100 INFO               [main]                         be.pxl.services.PostTests     - Started PostTests in 6.188 seconds (process running for 15.696)
2024-12-31T12:00:35.708+0100 INFO               [main]                         be.pxl.services.services.PostService - Post request: Title Content Author true
2024-12-31T12:00:35.722+0100 INFO               [main]                         be.pxl.services.services.PostService - Post saved: Title Content Author
2024-12-31T12:00:35.788+0100 INFO               [main]                         be.pxl.services.services.PostService - Approved and rejected posts fetched for Author
2024-12-31T12:00:35.810+0100 INFO               [main]                         be.pxl.services.services.PostService - Post updated: Updated Title Updated Content Author
2024-12-31T12:00:35.871+0100 INFO               [main]                         be.pxl.services.services.PostService - Fetching concept posts for Author
2024-12-31T12:01:45.814+0100 INFO               [main]                         be.pxl.services.PostTests     - Starting PostTests using Java 21.0.1 with PID 565296 (started by Brecht in D:\PXL\FSJavaEX\project-SpaceRadish26\backend-java\NewsArticleSystem\post-service)
2024-12-31T12:01:45.815+0100 INFO               [main]                         be.pxl.services.PostTests     - No active profile set, falling back to 1 default profile: "default"
2024-12-31T12:01:50.812+0100 INFO               [main]                         be.pxl.services.PostTests     - Started PostTests in 6.438 seconds (process running for 15.974)
2024-12-31T12:01:51.193+0100 INFO               [main]                         be.pxl.services.services.PostService - Post request: Title Content Author true
2024-12-31T12:01:51.208+0100 INFO               [main]                         be.pxl.services.services.PostService - Post saved: Title Content Author
2024-12-31T12:01:51.269+0100 INFO               [main]                         be.pxl.services.services.PostService - Approved and rejected posts fetched for Author
2024-12-31T12:01:51.289+0100 INFO               [main]                         be.pxl.services.services.PostService - Post updated: Updated Title Updated Content Author
2024-12-31T12:01:51.361+0100 INFO               [main]                         be.pxl.services.services.PostService - Fetching concept posts for Author
2024-12-31T12:04:44.758+0100 INFO               [main]                         be.pxl.services.PostTests     - Starting PostTests using Java 21.0.1 with PID 481192 (started by Brecht in D:\PXL\FSJavaEX\project-SpaceRadish26\backend-java\NewsArticleSystem\post-service)
2024-12-31T12:04:44.759+0100 INFO               [main]                         be.pxl.services.PostTests     - No active profile set, falling back to 1 default profile: "default"
2024-12-31T12:04:50.149+0100 INFO               [main]                         be.pxl.services.PostTests     - Started PostTests in 7.16 seconds (process running for 19.432)
2024-12-31T12:04:50.364+0100 INFO               [main]                         be.pxl.services.services.PostService - Post request: Title Content Author true
2024-12-31T12:04:50.387+0100 INFO               [main]                         be.pxl.services.services.PostService - Post saved: Title Content Author
2024-12-31T12:04:50.470+0100 INFO               [main]                         be.pxl.services.services.PostService - Approved and rejected posts fetched for Author
2024-12-31T12:04:50.495+0100 INFO               [main]                         be.pxl.services.services.PostService - Post updated: Updated Title Updated Content Author
2024-12-31T12:04:50.561+0100 INFO               [main]                         be.pxl.services.services.PostService - Fetching concept posts for Author
2024-12-31T12:10:21.010+0100 INFO               [main]                         be.pxl.services.NotificationTests - Starting NotificationTests using Java 21.0.1 with PID 446932 (started by Brecht in D:\PXL\FSJavaEX\project-SpaceRadish26\backend-java\NewsArticleSystem\post-service)
2024-12-31T12:10:21.011+0100 INFO               [main]                         be.pxl.services.NotificationTests - No active profile set, falling back to 1 default profile: "default"
2024-12-31T12:10:25.850+0100 INFO               [main]                         be.pxl.services.NotificationTests - Started NotificationTests in 6.25 seconds (process running for 15.765)
2024-12-31T12:12:01.082+0100 INFO               [main]                         be.pxl.services.NotificationTests - Starting NotificationTests using Java 21.0.1 with PID 447840 (started by Brecht in D:\PXL\FSJavaEX\project-SpaceRadish26\backend-java\NewsArticleSystem\post-service)
2024-12-31T12:12:01.083+0100 INFO               [main]                         be.pxl.services.NotificationTests - No active profile set, falling back to 1 default profile: "default"
2024-12-31T12:12:05.901+0100 INFO               [main]                         be.pxl.services.NotificationTests - Started NotificationTests in 6.214 seconds (process running for 15.493)
2024-12-31T12:13:48.848+0100 INFO               [main]                         be.pxl.services.NotificationTests - Starting NotificationTests using Java 21.0.1 with PID 508620 (started by Brecht in D:\PXL\FSJavaEX\project-SpaceRadish26\backend-java\NewsArticleSystem\post-service)
2024-12-31T12:13:48.849+0100 INFO               [main]                         be.pxl.services.NotificationTests - No active profile set, falling back to 1 default profile: "default"
2024-12-31T12:13:53.812+0100 INFO               [main]                         be.pxl.services.NotificationTests - Started NotificationTests in 6.379 seconds (process running for 15.633)
2024-12-31T12:14:42.804+0100 INFO               [main]                         be.pxl.services.NotificationTests - Starting NotificationTests using Java 21.0.1 with PID 169796 (started by Brecht in D:\PXL\FSJavaEX\project-SpaceRadish26\backend-java\NewsArticleSystem\post-service)
2024-12-31T12:14:42.805+0100 INFO               [main]                         be.pxl.services.NotificationTests - No active profile set, falling back to 1 default profile: "default"
2024-12-31T12:14:47.486+0100 INFO               [main]                         be.pxl.services.NotificationTests - Started NotificationTests in 6.117 seconds (process running for 15.315)
2024-12-31T12:20:02.255+0100 INFO               [main]                         be.pxl.services.NotificationTests - Starting NotificationTests using Java 21.0.1 with PID 386024 (started by Brecht in D:\PXL\FSJavaEX\project-SpaceRadish26\backend-java\NewsArticleSystem\post-service)
2024-12-31T12:20:02.256+0100 INFO               [main]                         be.pxl.services.NotificationTests - No active profile set, falling back to 1 default profile: "default"
2024-12-31T12:20:07.014+0100 INFO               [main]                         be.pxl.services.NotificationTests - Started NotificationTests in 6.242 seconds (process running for 16.23)
2024-12-31T12:20:07.818+0100 INFO               [main]                         be.pxl.services.services.PostService - Post request: Title Content Author true
2024-12-31T12:20:07.818+0100 INFO               [main]                         be.pxl.services.services.PostService - Post saved: Title Content Author
2024-12-31T12:20:07.822+0100 INFO               [main]                         be.pxl.services.services.PostService - Approved and rejected posts fetched for Author
2024-12-31T12:20:07.827+0100 INFO               [main]                         be.pxl.services.services.PostService - Post sent for approval: Updated Title Updated Content Author
2024-12-31T12:20:07.828+0100 INFO               [main]                         be.pxl.services.services.PostService - Post updated: Updated Title Updated Content Author
2024-12-31T12:20:07.829+0100 INFO               [main]                         be.pxl.services.services.PostService - Post sent for approval: Title Content Author
2024-12-31T12:20:07.834+0100 INFO               [main]                         be.pxl.services.services.PostService - Fetching concept posts for Author
2024-12-31T12:20:07.835+0100 INFO               [main]                         be.pxl.services.services.PostService - Post received from review service: Title Content Author
2024-12-31T12:20:16.635+0100 INFO               [main]                         be.pxl.services.PostTests     - Starting PostTests using Java 21.0.1 with PID 386024 (started by Brecht in D:\PXL\FSJavaEX\project-SpaceRadish26\backend-java\NewsArticleSystem\post-service)
2024-12-31T12:20:16.635+0100 INFO               [main]                         be.pxl.services.PostTests     - No active profile set, falling back to 1 default profile: "default"
2024-12-31T12:20:19.022+0100 INFO               [main]                         be.pxl.services.PostTests     - Started PostTests in 3.46 seconds (process running for 28.239)
2024-12-31T12:20:19.099+0100 INFO               [main]                         be.pxl.services.services.PostService - Post request: Title Content Author true
2024-12-31T12:20:19.102+0100 INFO               [main]                         be.pxl.services.services.PostService - Post saved: Title Content Author
2024-12-31T12:20:19.147+0100 INFO               [main]                         be.pxl.services.services.PostService - Approved and rejected posts fetched for Author
2024-12-31T12:20:19.178+0100 INFO               [main]                         be.pxl.services.services.PostService - Post updated: Updated Title Updated Content Author
2024-12-31T12:20:19.251+0100 INFO               [main]                         be.pxl.services.services.PostService - Fetching concept posts for Author
2024-12-31T12:20:51.643+0100 INFO               [main]                         be.pxl.services.NotificationTests - Starting NotificationTests using Java 21.0.1 with PID 247780 (started by Brecht in D:\PXL\FSJavaEX\project-SpaceRadish26\backend-java\NewsArticleSystem\post-service)
2024-12-31T12:20:51.644+0100 INFO               [main]                         be.pxl.services.NotificationTests - No active profile set, falling back to 1 default profile: "default"
2024-12-31T12:20:57.448+0100 INFO               [main]                         be.pxl.services.NotificationTests - Started NotificationTests in 7.585 seconds (process running for 18.267)
2024-12-31T12:20:58.935+0100 INFO               [main]                         be.pxl.services.services.PostService - Post request: Title Content Author true
2024-12-31T12:20:58.935+0100 INFO               [main]                         be.pxl.services.services.PostService - Post saved: Title Content Author
2024-12-31T12:20:58.955+0100 INFO               [main]                         be.pxl.services.services.PostService - Approved and rejected posts fetched for Author
2024-12-31T12:20:58.975+0100 INFO               [main]                         be.pxl.services.services.PostService - Post sent for approval: Updated Title Updated Content Author
2024-12-31T12:20:58.976+0100 INFO               [main]                         be.pxl.services.services.PostService - Post updated: Updated Title Updated Content Author
2024-12-31T12:20:58.978+0100 INFO               [main]                         be.pxl.services.services.PostService - Post sent for approval: Title Content Author
2024-12-31T12:20:58.983+0100 INFO               [main]                         be.pxl.services.services.PostService - Fetching concept posts for Author
2024-12-31T12:20:58.985+0100 INFO               [main]                         be.pxl.services.services.PostService - Post received from review service: Title Content Author
2024-12-31T12:21:07.916+0100 INFO               [main]                         be.pxl.services.PostTests     - Starting PostTests using Java 21.0.1 with PID 247780 (started by Brecht in D:\PXL\FSJavaEX\project-SpaceRadish26\backend-java\NewsArticleSystem\post-service)
2024-12-31T12:21:07.917+0100 INFO               [main]                         be.pxl.services.PostTests     - No active profile set, falling back to 1 default profile: "default"
2024-12-31T12:21:10.549+0100 INFO               [main]                         be.pxl.services.PostTests     - Started PostTests in 3.751 seconds (process running for 31.368)
2024-12-31T12:21:10.656+0100 INFO               [main]                         be.pxl.services.services.PostService - Post request: Title Content Author true
2024-12-31T12:21:10.665+0100 INFO               [main]                         be.pxl.services.services.PostService - Post saved: Title Content Author
2024-12-31T12:21:10.752+0100 INFO               [main]                         be.pxl.services.services.PostService - Approved and rejected posts fetched for Author
2024-12-31T12:21:10.782+0100 INFO               [main]                         be.pxl.services.services.PostService - Post updated: Updated Title Updated Content Author
2024-12-31T12:21:10.875+0100 INFO               [main]                         be.pxl.services.services.PostService - Fetching concept posts for Author
